{"/Users/sofiavallo/Documents/ProyectoIntegrador/grupo-01/frontend/src/App.js": {"path":"/Users/sofiavallo/Documents/ProyectoIntegrador/grupo-01/frontend/src/App.js","statementMap":{"0":{"start":{"line":11,"column":27},"end":{"line":11,"column":39}},"1":{"start":{"line":12,"column":39},"end":{"line":12,"column":53}},"2":{"start":{"line":14,"column":23},"end":{"line":16,"column":3}},"3":{"start":{"line":15,"column":4},"end":{"line":15,"column":29}},"4":{"start":{"line":18,"column":26},"end":{"line":20,"column":3}},"5":{"start":{"line":19,"column":4},"end":{"line":19,"column":25}},"6":{"start":{"line":22,"column":2},"end":{"line":35,"column":3}}},"fnMap":{"0":{"name":"App","decl":{"start":{"line":10,"column":9},"end":{"line":10,"column":12}},"loc":{"start":{"line":10,"column":15},"end":{"line":36,"column":1}},"line":10},"1":{"name":"(anonymous_1)","decl":{"start":{"line":14,"column":23},"end":{"line":14,"column":24}},"loc":{"start":{"line":14,"column":31},"end":{"line":16,"column":3}},"line":14},"2":{"name":"(anonymous_2)","decl":{"start":{"line":18,"column":26},"end":{"line":18,"column":27}},"loc":{"start":{"line":18,"column":35},"end":{"line":20,"column":3}},"line":18}},"branchMap":{},"s":{"0":0,"1":0,"2":0,"3":0,"4":0,"5":0,"6":0},"f":{"0":0,"1":0,"2":0},"b":{}}
,"/Users/sofiavallo/Documents/ProyectoIntegrador/grupo-01/frontend/src/Home.js": {"path":"/Users/sofiavallo/Documents/ProyectoIntegrador/grupo-01/frontend/src/Home.js","statementMap":{"0":{"start":{"line":7,"column":2},"end":{"line":7,"column":47}},"1":{"start":{"line":7,"column":11},"end":{"line":7,"column":47}},"2":{"start":{"line":9,"column":2},"end":{"line":15,"column":3}}},"fnMap":{"0":{"name":"Home","decl":{"start":{"line":6,"column":9},"end":{"line":6,"column":13}},"loc":{"start":{"line":6,"column":24},"end":{"line":16,"column":1}},"line":6}},"branchMap":{"0":{"loc":{"start":{"line":7,"column":2},"end":{"line":7,"column":47}},"type":"if","locations":[{"start":{"line":7,"column":2},"end":{"line":7,"column":47}},{"start":{},"end":{}}],"line":7}},"s":{"0":0,"1":0,"2":0},"f":{"0":0},"b":{"0":[0,0]}}
,"/Users/sofiavallo/Documents/ProyectoIntegrador/grupo-01/frontend/src/index.js": {"path":"/Users/sofiavallo/Documents/ProyectoIntegrador/grupo-01/frontend/src/index.js","statementMap":{"0":{"start":{"line":7,"column":0},"end":{"line":13,"column":2}},"1":{"start":{"line":15,"column":0},"end":{"line":15,"column":6}}},"fnMap":{},"branchMap":{},"s":{"0":0,"1":0},"f":{},"b":{}}
,"/Users/sofiavallo/Documents/ProyectoIntegrador/grupo-01/frontend/src/components/Button.js": {"path":"/Users/sofiavallo/Documents/ProyectoIntegrador/grupo-01/frontend/src/components/Button.js","statementMap":{"0":{"start":{"line":2,"column":4},"end":{"line":4,"column":5}}},"fnMap":{"0":{"name":"Button","decl":{"start":{"line":1,"column":9},"end":{"line":1,"column":15}},"loc":{"start":{"line":1,"column":23},"end":{"line":5,"column":1}},"line":1}},"branchMap":{},"s":{"0":3},"f":{"0":3},"b":{},"_coverageSchema":"1a1c01bbd47fc00a2c39e90264f33305004495a9","hash":"f66118a7e01dfd93129d2129fafdcd9cc1d8b34f"}
,"/Users/sofiavallo/Documents/ProyectoIntegrador/grupo-01/frontend/src/components/Footer.js": {"path":"/Users/sofiavallo/Documents/ProyectoIntegrador/grupo-01/frontend/src/components/Footer.js","statementMap":{"0":{"start":{"line":5,"column":4},"end":{"line":15,"column":5}}},"fnMap":{"0":{"name":"Footer","decl":{"start":{"line":4,"column":9},"end":{"line":4,"column":15}},"loc":{"start":{"line":4,"column":18},"end":{"line":16,"column":1}},"line":4}},"branchMap":{},"s":{"0":5},"f":{"0":5},"b":{},"_coverageSchema":"1a1c01bbd47fc00a2c39e90264f33305004495a9","hash":"82c148efb4224803a5910cd7df7770b2f394596f"}
,"/Users/sofiavallo/Documents/ProyectoIntegrador/grupo-01/frontend/src/components/Header.js": {"path":"/Users/sofiavallo/Documents/ProyectoIntegrador/grupo-01/frontend/src/components/Header.js","statementMap":{"0":{"start":{"line":9,"column":8},"end":{"line":9,"column":76}},"1":{"start":{"line":10,"column":8},"end":{"line":10,"column":154}},"2":{"start":{"line":14,"column":8},"end":{"line":14,"column":56}},"3":{"start":{"line":15,"column":8},"end":{"line":15,"column":47}},"4":{"start":{"line":18,"column":4},"end":{"line":55,"column":5}},"5":{"start":{"line":43,"column":79},"end":{"line":43,"column":98}}},"fnMap":{"0":{"name":"Header","decl":{"start":{"line":7,"column":9},"end":{"line":7,"column":15}},"loc":{"start":{"line":7,"column":38},"end":{"line":56,"column":1}},"line":7},"1":{"name":"clicNav","decl":{"start":{"line":8,"column":13},"end":{"line":8,"column":20}},"loc":{"start":{"line":8,"column":23},"end":{"line":11,"column":5}},"line":8},"2":{"name":"clicButton","decl":{"start":{"line":13,"column":13},"end":{"line":13,"column":23}},"loc":{"start":{"line":13,"column":26},"end":{"line":16,"column":5}},"line":13},"3":{"name":"(anonymous_3)","decl":{"start":{"line":43,"column":75},"end":{"line":43,"column":76}},"loc":{"start":{"line":43,"column":79},"end":{"line":43,"column":98}},"line":43}},"branchMap":{"0":{"loc":{"start":{"line":10,"column":8},"end":{"line":10,"column":153}},"type":"cond-expr","locations":[{"start":{"line":10,"column":73},"end":{"line":10,"column":112}},{"start":{"line":10,"column":115},"end":{"line":10,"column":153}}],"line":10},"1":{"loc":{"start":{"line":25,"column":25},"end":{"line":31,"column":36}},"type":"cond-expr","locations":[{"start":{"line":26,"column":24},"end":{"line":30,"column":30}},{"start":{"line":31,"column":25},"end":{"line":31,"column":36}}],"line":25},"2":{"loc":{"start":{"line":28,"column":35},"end":{"line":28,"column":89}},"type":"cond-expr","locations":[{"start":{"line":28,"column":45},"end":{"line":28,"column":86}},{"start":{"line":28,"column":87},"end":{"line":28,"column":89}}],"line":28},"3":{"loc":{"start":{"line":34,"column":60},"end":{"line":34,"column":82}},"type":"cond-expr","locations":[{"start":{"line":34,"column":72},"end":{"line":34,"column":79}},{"start":{"line":34,"column":80},"end":{"line":34,"column":82}}],"line":34},"4":{"loc":{"start":{"line":35,"column":25},"end":{"line":41,"column":30}},"type":"cond-expr","locations":[{"start":{"line":35,"column":37},"end":{"line":35,"column":39}},{"start":{"line":36,"column":25},"end":{"line":41,"column":30}}],"line":35},"5":{"loc":{"start":{"line":43,"column":28},"end":{"line":43,"column":131}},"type":"cond-expr","locations":[{"start":{"line":43,"column":39},"end":{"line":43,"column":128}},{"start":{"line":43,"column":129},"end":{"line":43,"column":131}}],"line":43}},"s":{"0":0,"1":0,"2":0,"3":0,"4":4,"5":0},"f":{"0":4,"1":0,"2":0,"3":0},"b":{"0":[0,0],"1":[0,4],"2":[0,0],"3":[0,4],"4":[0,4],"5":[0,4]},"_coverageSchema":"1a1c01bbd47fc00a2c39e90264f33305004495a9","hash":"4da70fc046c5aa7d37af84614bad988f3ec25c54"}
,"/Users/sofiavallo/Documents/ProyectoIntegrador/grupo-01/frontend/src/components/Search.js": {"path":"/Users/sofiavallo/Documents/ProyectoIntegrador/grupo-01/frontend/src/components/Search.js","statementMap":{"0":{"start":{"line":12,"column":0},"end":{"line":12,"column":20}},"1":{"start":{"line":15,"column":37},"end":{"line":15,"column":51}},"2":{"start":{"line":16,"column":33},"end":{"line":16,"column":47}},"3":{"start":{"line":17,"column":43},"end":{"line":17,"column":57}},"4":{"start":{"line":18,"column":31},"end":{"line":18,"column":45}},"5":{"start":{"line":19,"column":26},"end":{"line":19,"column":68}},"6":{"start":{"line":20,"column":31},"end":{"line":20,"column":45}},"7":{"start":{"line":23,"column":4},"end":{"line":25,"column":6}},"8":{"start":{"line":24,"column":8},"end":{"line":24,"column":60}},"9":{"start":{"line":28,"column":4},"end":{"line":53,"column":9}},"10":{"start":{"line":30,"column":8},"end":{"line":34,"column":9}},"11":{"start":{"line":31,"column":12},"end":{"line":31,"column":25}},"12":{"start":{"line":33,"column":12},"end":{"line":33,"column":25}},"13":{"start":{"line":37,"column":26},"end":{"line":50,"column":9}},"14":{"start":{"line":38,"column":12},"end":{"line":49,"column":18}},"15":{"start":{"line":45,"column":16},"end":{"line":45,"column":40}},"16":{"start":{"line":48,"column":16},"end":{"line":48,"column":34}},"17":{"start":{"line":52,"column":8},"end":{"line":52,"column":20}},"18":{"start":{"line":56,"column":39},"end":{"line":56,"column":51}},"19":{"start":{"line":57,"column":34},"end":{"line":57,"column":49}},"20":{"start":{"line":58,"column":19},"end":{"line":58,"column":50}},"21":{"start":{"line":58,"column":27},"end":{"line":58,"column":48}},"22":{"start":{"line":60,"column":4},"end":{"line":125,"column":5}},"23":{"start":{"line":67,"column":24},"end":{"line":67,"column":54}},"24":{"start":{"line":72,"column":24},"end":{"line":76,"column":25}},"25":{"start":{"line":73,"column":28},"end":{"line":73,"column":40}},"26":{"start":{"line":74,"column":31},"end":{"line":76,"column":25}},"27":{"start":{"line":75,"column":28},"end":{"line":75,"column":40}},"28":{"start":{"line":78,"column":24},"end":{"line":90,"column":25}},"29":{"start":{"line":80,"column":32},"end":{"line":80,"column":89}},"30":{"start":{"line":81,"column":44},"end":{"line":81,"column":52}},"31":{"start":{"line":109,"column":24},"end":{"line":109,"column":48}},"32":{"start":{"line":110,"column":24},"end":{"line":110,"column":44}},"33":{"start":{"line":114,"column":51},"end":{"line":114,"column":80}}},"fnMap":{"0":{"name":"Search","decl":{"start":{"line":14,"column":9},"end":{"line":14,"column":15}},"loc":{"start":{"line":14,"column":18},"end":{"line":126,"column":1}},"line":14},"1":{"name":"(anonymous_1)","decl":{"start":{"line":23,"column":52},"end":{"line":23,"column":53}},"loc":{"start":{"line":23,"column":57},"end":{"line":25,"column":5}},"line":23},"2":{"name":"(anonymous_2)","decl":{"start":{"line":28,"column":14},"end":{"line":28,"column":15}},"loc":{"start":{"line":28,"column":18},"end":{"line":53,"column":5}},"line":28},"3":{"name":"(anonymous_3)","decl":{"start":{"line":37,"column":26},"end":{"line":37,"column":27}},"loc":{"start":{"line":37,"column":35},"end":{"line":50,"column":9}},"line":37},"4":{"name":"(anonymous_4)","decl":{"start":{"line":44,"column":18},"end":{"line":44,"column":19}},"loc":{"start":{"line":44,"column":37},"end":{"line":46,"column":17}},"line":44},"5":{"name":"(anonymous_5)","decl":{"start":{"line":47,"column":18},"end":{"line":47,"column":19}},"loc":{"start":{"line":47,"column":36},"end":{"line":49,"column":17}},"line":47},"6":{"name":"(anonymous_6)","decl":{"start":{"line":58,"column":19},"end":{"line":58,"column":20}},"loc":{"start":{"line":58,"column":25},"end":{"line":58,"column":50}},"line":58},"7":{"name":"(anonymous_7)","decl":{"start":{"line":66,"column":30},"end":{"line":66,"column":31}},"loc":{"start":{"line":66,"column":37},"end":{"line":68,"column":21}},"line":66},"8":{"name":"(anonymous_8)","decl":{"start":{"line":71,"column":36},"end":{"line":71,"column":37}},"loc":{"start":{"line":71,"column":46},"end":{"line":77,"column":21}},"line":71},"9":{"name":"(anonymous_9)","decl":{"start":{"line":77,"column":38},"end":{"line":77,"column":39}},"loc":{"start":{"line":77,"column":48},"end":{"line":91,"column":21}},"line":77},"10":{"name":"(anonymous_10)","decl":{"start":{"line":79,"column":69},"end":{"line":79,"column":70}},"loc":{"start":{"line":79,"column":74},"end":{"line":82,"column":41}},"line":79},"11":{"name":"(anonymous_11)","decl":{"start":{"line":108,"column":35},"end":{"line":108,"column":36}},"loc":{"start":{"line":108,"column":63},"end":{"line":111,"column":21}},"line":108},"12":{"name":"(anonymous_12)","decl":{"start":{"line":114,"column":35},"end":{"line":114,"column":36}},"loc":{"start":{"line":114,"column":51},"end":{"line":114,"column":80}},"line":114}},"branchMap":{"0":{"loc":{"start":{"line":24,"column":8},"end":{"line":24,"column":60}},"type":"cond-expr","locations":[{"start":{"line":24,"column":35},"end":{"line":24,"column":47}},{"start":{"line":24,"column":48},"end":{"line":24,"column":60}}],"line":24},"1":{"loc":{"start":{"line":30,"column":8},"end":{"line":34,"column":9}},"type":"if","locations":[{"start":{"line":30,"column":8},"end":{"line":34,"column":9}},{"start":{"line":32,"column":13},"end":{"line":34,"column":9}}],"line":30},"2":{"loc":{"start":{"line":70,"column":35},"end":{"line":70,"column":91}},"type":"cond-expr","locations":[{"start":{"line":70,"column":46},"end":{"line":70,"column":70}},{"start":{"line":70,"column":72},"end":{"line":70,"column":91}}],"line":70},"3":{"loc":{"start":{"line":72,"column":24},"end":{"line":76,"column":25}},"type":"if","locations":[{"start":{"line":72,"column":24},"end":{"line":76,"column":25}},{"start":{"line":74,"column":31},"end":{"line":76,"column":25}}],"line":72},"4":{"loc":{"start":{"line":74,"column":31},"end":{"line":76,"column":25}},"type":"if","locations":[{"start":{"line":74,"column":31},"end":{"line":76,"column":25}},{"start":{},"end":{}}],"line":74}},"s":{"0":0,"1":0,"2":0,"3":0,"4":0,"5":0,"6":0,"7":0,"8":0,"9":0,"10":0,"11":0,"12":0,"13":0,"14":0,"15":0,"16":0,"17":0,"18":0,"19":0,"20":0,"21":0,"22":0,"23":0,"24":0,"25":0,"26":0,"27":0,"28":0,"29":0,"30":0,"31":0,"32":0,"33":0},"f":{"0":0,"1":0,"2":0,"3":0,"4":0,"5":0,"6":0,"7":0,"8":0,"9":0,"10":0,"11":0,"12":0},"b":{"0":[0,0],"1":[0,0],"2":[0,0],"3":[0,0],"4":[0,0]}}
,"/Users/sofiavallo/Documents/ProyectoIntegrador/grupo-01/frontend/src/components/Section.js": {"path":"/Users/sofiavallo/Documents/ProyectoIntegrador/grupo-01/frontend/src/components/Section.js","statementMap":{"0":{"start":{"line":9,"column":38},"end":{"line":9,"column":52}},"1":{"start":{"line":11,"column":4},"end":{"line":29,"column":9}},"2":{"start":{"line":13,"column":30},"end":{"line":26,"column":9}},"3":{"start":{"line":14,"column":12},"end":{"line":25,"column":18}},"4":{"start":{"line":21,"column":16},"end":{"line":21,"column":40}},"5":{"start":{"line":24,"column":16},"end":{"line":24,"column":42}},"6":{"start":{"line":28,"column":8},"end":{"line":28,"column":24}},"7":{"start":{"line":31,"column":4},"end":{"line":50,"column":5}},"8":{"start":{"line":37,"column":20},"end":{"line":38,"column":32}},"9":{"start":{"line":45,"column":20},"end":{"line":45,"column":293}}},"fnMap":{"0":{"name":"Section","decl":{"start":{"line":8,"column":9},"end":{"line":8,"column":16}},"loc":{"start":{"line":8,"column":34},"end":{"line":51,"column":1}},"line":8},"1":{"name":"(anonymous_1)","decl":{"start":{"line":11,"column":14},"end":{"line":11,"column":15}},"loc":{"start":{"line":11,"column":18},"end":{"line":29,"column":5}},"line":11},"2":{"name":"(anonymous_2)","decl":{"start":{"line":13,"column":30},"end":{"line":13,"column":31}},"loc":{"start":{"line":13,"column":39},"end":{"line":26,"column":9}},"line":13},"3":{"name":"(anonymous_3)","decl":{"start":{"line":20,"column":18},"end":{"line":20,"column":19}},"loc":{"start":{"line":20,"column":37},"end":{"line":22,"column":17}},"line":20},"4":{"name":"(anonymous_4)","decl":{"start":{"line":23,"column":18},"end":{"line":23,"column":19}},"loc":{"start":{"line":23,"column":40},"end":{"line":25,"column":17}},"line":23},"5":{"name":"(anonymous_5)","decl":{"start":{"line":36,"column":33},"end":{"line":36,"column":34}},"loc":{"start":{"line":37,"column":20},"end":{"line":38,"column":32}},"line":37},"6":{"name":"(anonymous_6)","decl":{"start":{"line":44,"column":35},"end":{"line":44,"column":36}},"loc":{"start":{"line":45,"column":20},"end":{"line":45,"column":293}},"line":45}},"branchMap":{"0":{"loc":{"start":{"line":34,"column":13},"end":{"line":40,"column":17}},"type":"binary-expr","locations":[{"start":{"line":34,"column":13},"end":{"line":34,"column":31}},{"start":{"line":35,"column":12},"end":{"line":40,"column":17}}],"line":34},"1":{"loc":{"start":{"line":42,"column":13},"end":{"line":47,"column":17}},"type":"binary-expr","locations":[{"start":{"line":42,"column":13},"end":{"line":42,"column":27}},{"start":{"line":43,"column":12},"end":{"line":47,"column":17}}],"line":42}},"s":{"0":0,"1":0,"2":0,"3":0,"4":0,"5":0,"6":0,"7":0,"8":0,"9":0},"f":{"0":0,"1":0,"2":0,"3":0,"4":0,"5":0,"6":0},"b":{"0":[0,0],"1":[0,0]}}
,"/Users/sofiavallo/Documents/ProyectoIntegrador/grupo-01/frontend/src/components/Title.js": {"path":"/Users/sofiavallo/Documents/ProyectoIntegrador/grupo-01/frontend/src/components/Title.js","statementMap":{"0":{"start":{"line":4,"column":4},"end":{"line":9,"column":5}}},"fnMap":{"0":{"name":"Title","decl":{"start":{"line":3,"column":9},"end":{"line":3,"column":14}},"loc":{"start":{"line":3,"column":17},"end":{"line":10,"column":1}},"line":3}},"branchMap":{},"s":{"0":4},"f":{"0":4},"b":{},"_coverageSchema":"1a1c01bbd47fc00a2c39e90264f33305004495a9","hash":"3377c25dec371b34118583ac5b3e468d7d27e49e"}
,"/Users/sofiavallo/Documents/ProyectoIntegrador/grupo-01/frontend/src/components/cards/Card.js": {"path":"/Users/sofiavallo/Documents/ProyectoIntegrador/grupo-01/frontend/src/components/cards/Card.js","statementMap":{"0":{"start":{"line":5,"column":4},"end":{"line":31,"column":5}}},"fnMap":{"0":{"name":"Card","decl":{"start":{"line":4,"column":9},"end":{"line":4,"column":13}},"loc":{"start":{"line":4,"column":21},"end":{"line":32,"column":1}},"line":4}},"branchMap":{},"s":{"0":0},"f":{"0":0},"b":{}}
,"/Users/sofiavallo/Documents/ProyectoIntegrador/grupo-01/frontend/src/components/cards/Category.js": {"path":"/Users/sofiavallo/Documents/ProyectoIntegrador/grupo-01/frontend/src/components/cards/Category.js","statementMap":{"0":{"start":{"line":2,"column":4},"end":{"line":10,"column":5}}},"fnMap":{"0":{"name":"Category","decl":{"start":{"line":1,"column":9},"end":{"line":1,"column":17}},"loc":{"start":{"line":1,"column":25},"end":{"line":11,"column":1}},"line":1}},"branchMap":{},"s":{"0":0},"f":{"0":0},"b":{}}
,"/Users/sofiavallo/Documents/ProyectoIntegrador/grupo-01/frontend/src/components/login/Login.js": {"path":"/Users/sofiavallo/Documents/ProyectoIntegrador/grupo-01/frontend/src/components/login/Login.js","statementMap":{"0":{"start":{"line":8,"column":28},"end":{"line":8,"column":40}},"1":{"start":{"line":9,"column":21},"end":{"line":9,"column":34}},"2":{"start":{"line":11,"column":26},"end":{"line":52,"column":5}},"3":{"start":{"line":12,"column":8},"end":{"line":12,"column":26}},"4":{"start":{"line":14,"column":28},"end":{"line":14,"column":66}},"5":{"start":{"line":15,"column":30},"end":{"line":15,"column":71}},"6":{"start":{"line":19,"column":8},"end":{"line":19,"column":20}},"7":{"start":{"line":22,"column":8},"end":{"line":22,"column":53}},"8":{"start":{"line":23,"column":8},"end":{"line":26,"column":9}},"9":{"start":{"line":24,"column":12},"end":{"line":24,"column":35}},"10":{"start":{"line":25,"column":12},"end":{"line":25,"column":18}},"11":{"start":{"line":29,"column":8},"end":{"line":29,"column":58}},"12":{"start":{"line":30,"column":8},"end":{"line":33,"column":9}},"13":{"start":{"line":31,"column":12},"end":{"line":31,"column":38}},"14":{"start":{"line":32,"column":12},"end":{"line":32,"column":18}},"15":{"start":{"line":36,"column":29},"end":{"line":36,"column":33}},"16":{"start":{"line":37,"column":8},"end":{"line":41,"column":10}},"17":{"start":{"line":38,"column":12},"end":{"line":40,"column":13}},"18":{"start":{"line":39,"column":16},"end":{"line":39,"column":38}},"19":{"start":{"line":44,"column":8},"end":{"line":47,"column":9}},"20":{"start":{"line":45,"column":12},"end":{"line":45,"column":97}},"21":{"start":{"line":46,"column":12},"end":{"line":46,"column":18}},"22":{"start":{"line":50,"column":8},"end":{"line":50,"column":36}},"23":{"start":{"line":51,"column":8},"end":{"line":51,"column":21}},"24":{"start":{"line":55,"column":26},"end":{"line":96,"column":5}},"25":{"start":{"line":56,"column":8},"end":{"line":56,"column":28}},"26":{"start":{"line":58,"column":8},"end":{"line":92,"column":9}},"27":{"start":{"line":60,"column":20},"end":{"line":62,"column":21}},"28":{"start":{"line":61,"column":24},"end":{"line":61,"column":57}},"29":{"start":{"line":64,"column":20},"end":{"line":66,"column":20}},"30":{"start":{"line":65,"column":24},"end":{"line":65,"column":73}},"31":{"start":{"line":67,"column":16},"end":{"line":67,"column":22}},"32":{"start":{"line":69,"column":20},"end":{"line":71,"column":21}},"33":{"start":{"line":70,"column":22},"end":{"line":70,"column":55}},"34":{"start":{"line":73,"column":20},"end":{"line":76,"column":21}},"35":{"start":{"line":75,"column":25},"end":{"line":75,"column":81}},"36":{"start":{"line":78,"column":20},"end":{"line":80,"column":21}},"37":{"start":{"line":79,"column":24},"end":{"line":79,"column":84}},"38":{"start":{"line":82,"column":20},"end":{"line":84,"column":21}},"39":{"start":{"line":83,"column":24},"end":{"line":83,"column":84}},"40":{"start":{"line":86,"column":20},"end":{"line":88,"column":21}},"41":{"start":{"line":87,"column":24},"end":{"line":87,"column":74}},"42":{"start":{"line":89,"column":20},"end":{"line":89,"column":26}},"43":{"start":{"line":91,"column":16},"end":{"line":91,"column":46}},"44":{"start":{"line":95,"column":8},"end":{"line":95,"column":18}},"45":{"start":{"line":98,"column":4},"end":{"line":98,"column":49}},"46":{"start":{"line":98,"column":13},"end":{"line":98,"column":49}},"47":{"start":{"line":102,"column":8},"end":{"line":102,"column":27}},"48":{"start":{"line":103,"column":8},"end":{"line":103,"column":73}},"49":{"start":{"line":104,"column":8},"end":{"line":104,"column":189}},"50":{"start":{"line":107,"column":4},"end":{"line":134,"column":5}}},"fnMap":{"0":{"name":"Login","decl":{"start":{"line":7,"column":9},"end":{"line":7,"column":14}},"loc":{"start":{"line":7,"column":43},"end":{"line":135,"column":3}},"line":7},"1":{"name":"(anonymous_1)","decl":{"start":{"line":11,"column":26},"end":{"line":11,"column":27}},"loc":{"start":{"line":11,"column":31},"end":{"line":52,"column":5}},"line":11},"2":{"name":"(anonymous_2)","decl":{"start":{"line":37,"column":23},"end":{"line":37,"column":24}},"loc":{"start":{"line":37,"column":31},"end":{"line":41,"column":9}},"line":37},"3":{"name":"(anonymous_3)","decl":{"start":{"line":55,"column":26},"end":{"line":55,"column":27}},"loc":{"start":{"line":55,"column":40},"end":{"line":96,"column":5}},"line":55},"4":{"name":"show","decl":{"start":{"line":101,"column":13},"end":{"line":101,"column":17}},"loc":{"start":{"line":101,"column":21},"end":{"line":105,"column":5}},"line":101}},"branchMap":{"0":{"loc":{"start":{"line":23,"column":8},"end":{"line":26,"column":9}},"type":"if","locations":[{"start":{"line":23,"column":8},"end":{"line":26,"column":9}},{"start":{},"end":{}}],"line":23},"1":{"loc":{"start":{"line":30,"column":8},"end":{"line":33,"column":9}},"type":"if","locations":[{"start":{"line":30,"column":8},"end":{"line":33,"column":9}},{"start":{},"end":{}}],"line":30},"2":{"loc":{"start":{"line":38,"column":12},"end":{"line":40,"column":13}},"type":"if","locations":[{"start":{"line":38,"column":12},"end":{"line":40,"column":13}},{"start":{},"end":{}}],"line":38},"3":{"loc":{"start":{"line":38,"column":15},"end":{"line":38,"column":99}},"type":"binary-expr","locations":[{"start":{"line":38,"column":15},"end":{"line":38,"column":51}},{"start":{"line":38,"column":55},"end":{"line":38,"column":99}}],"line":38},"4":{"loc":{"start":{"line":44,"column":8},"end":{"line":47,"column":9}},"type":"if","locations":[{"start":{"line":44,"column":8},"end":{"line":47,"column":9}},{"start":{},"end":{}}],"line":44},"5":{"loc":{"start":{"line":58,"column":8},"end":{"line":92,"column":9}},"type":"switch","locations":[{"start":{"line":59,"column":12},"end":{"line":67,"column":22}},{"start":{"line":68,"column":12},"end":{"line":89,"column":26}},{"start":{"line":90,"column":12},"end":{"line":91,"column":46}}],"line":58},"6":{"loc":{"start":{"line":60,"column":20},"end":{"line":62,"column":21}},"type":"if","locations":[{"start":{"line":60,"column":20},"end":{"line":62,"column":21}},{"start":{},"end":{}}],"line":60},"7":{"loc":{"start":{"line":64,"column":20},"end":{"line":66,"column":20}},"type":"if","locations":[{"start":{"line":64,"column":20},"end":{"line":66,"column":20}},{"start":{},"end":{}}],"line":64},"8":{"loc":{"start":{"line":69,"column":20},"end":{"line":71,"column":21}},"type":"if","locations":[{"start":{"line":69,"column":20},"end":{"line":71,"column":21}},{"start":{},"end":{}}],"line":69},"9":{"loc":{"start":{"line":73,"column":20},"end":{"line":76,"column":21}},"type":"if","locations":[{"start":{"line":73,"column":20},"end":{"line":76,"column":21}},{"start":{},"end":{}}],"line":73},"10":{"loc":{"start":{"line":78,"column":20},"end":{"line":80,"column":21}},"type":"if","locations":[{"start":{"line":78,"column":20},"end":{"line":80,"column":21}},{"start":{},"end":{}}],"line":78},"11":{"loc":{"start":{"line":82,"column":20},"end":{"line":84,"column":21}},"type":"if","locations":[{"start":{"line":82,"column":20},"end":{"line":84,"column":21}},{"start":{},"end":{}}],"line":82},"12":{"loc":{"start":{"line":86,"column":20},"end":{"line":88,"column":21}},"type":"if","locations":[{"start":{"line":86,"column":20},"end":{"line":88,"column":21}},{"start":{},"end":{}}],"line":86},"13":{"loc":{"start":{"line":98,"column":4},"end":{"line":98,"column":49}},"type":"if","locations":[{"start":{"line":98,"column":4},"end":{"line":98,"column":49}},{"start":{},"end":{}}],"line":98},"14":{"loc":{"start":{"line":104,"column":8},"end":{"line":104,"column":188}},"type":"cond-expr","locations":[{"start":{"line":104,"column":71},"end":{"line":104,"column":126}},{"start":{"line":104,"column":129},"end":{"line":104,"column":188}}],"line":104},"15":{"loc":{"start":{"line":113,"column":93},"end":{"line":113,"column":137}},"type":"cond-expr","locations":[{"start":{"line":113,"column":125},"end":{"line":113,"column":132}},{"start":{"line":113,"column":135},"end":{"line":113,"column":137}}],"line":113},"16":{"loc":{"start":{"line":113,"column":93},"end":{"line":113,"column":122}},"type":"binary-expr","locations":[{"start":{"line":113,"column":93},"end":{"line":113,"column":105}},{"start":{"line":113,"column":108},"end":{"line":113,"column":122}}],"line":113},"17":{"loc":{"start":{"line":118,"column":102},"end":{"line":118,"column":149}},"type":"cond-expr","locations":[{"start":{"line":118,"column":137},"end":{"line":118,"column":144}},{"start":{"line":118,"column":147},"end":{"line":118,"column":149}}],"line":118},"18":{"loc":{"start":{"line":118,"column":102},"end":{"line":118,"column":135}},"type":"binary-expr","locations":[{"start":{"line":118,"column":102},"end":{"line":118,"column":117}},{"start":{"line":118,"column":121},"end":{"line":118,"column":135}}],"line":118},"19":{"loc":{"start":{"line":121,"column":21},"end":{"line":126,"column":60}},"type":"cond-expr","locations":[{"start":{"line":122,"column":20},"end":{"line":125,"column":66}},{"start":{"line":126,"column":20},"end":{"line":126,"column":60}}],"line":121},"20":{"loc":{"start":{"line":121,"column":21},"end":{"line":121,"column":66}},"type":"binary-expr","locations":[{"start":{"line":121,"column":21},"end":{"line":121,"column":36}},{"start":{"line":121,"column":38},"end":{"line":121,"column":50}},{"start":{"line":121,"column":52},"end":{"line":121,"column":66}}],"line":121},"21":{"loc":{"start":{"line":123,"column":24},"end":{"line":123,"column":58}},"type":"cond-expr","locations":[{"start":{"line":123,"column":40},"end":{"line":123,"column":55}},{"start":{"line":123,"column":56},"end":{"line":123,"column":58}}],"line":123},"22":{"loc":{"start":{"line":124,"column":25},"end":{"line":124,"column":53}},"type":"cond-expr","locations":[{"start":{"line":124,"column":38},"end":{"line":124,"column":50}},{"start":{"line":124,"column":51},"end":{"line":124,"column":53}}],"line":124},"23":{"loc":{"start":{"line":125,"column":25},"end":{"line":125,"column":57}},"type":"cond-expr","locations":[{"start":{"line":125,"column":40},"end":{"line":125,"column":54}},{"start":{"line":125,"column":55},"end":{"line":125,"column":57}}],"line":125}},"s":{"0":2,"1":2,"2":2,"3":0,"4":0,"5":0,"6":0,"7":0,"8":0,"9":0,"10":0,"11":0,"12":0,"13":0,"14":0,"15":0,"16":0,"17":0,"18":0,"19":0,"20":0,"21":0,"22":0,"23":0,"24":2,"25":0,"26":0,"27":0,"28":0,"29":0,"30":0,"31":0,"32":0,"33":0,"34":0,"35":0,"36":0,"37":0,"38":0,"39":0,"40":0,"41":0,"42":0,"43":0,"44":0,"45":2,"46":0,"47":0,"48":0,"49":0,"50":2},"f":{"0":2,"1":0,"2":0,"3":0,"4":0},"b":{"0":[0,0],"1":[0,0],"2":[0,0],"3":[0,0],"4":[0,0],"5":[0,0,0],"6":[0,0],"7":[0,0],"8":[0,0],"9":[0,0],"10":[0,0],"11":[0,0],"12":[0,0],"13":[0,2],"14":[0,0],"15":[0,2],"16":[2,2],"17":[0,2],"18":[2,2],"19":[0,2],"20":[2,2,2],"21":[0,0],"22":[0,0],"23":[0,0]},"_coverageSchema":"1a1c01bbd47fc00a2c39e90264f33305004495a9","hash":"7b997c2f6409621ec420f9597f064859a2bf5dca"}
,"/Users/sofiavallo/Documents/ProyectoIntegrador/grupo-01/frontend/src/components/login/Register.js": {"path":"/Users/sofiavallo/Documents/ProyectoIntegrador/grupo-01/frontend/src/components/login/Register.js","statementMap":{"0":{"start":{"line":8,"column":28},"end":{"line":8,"column":40}},"1":{"start":{"line":9,"column":21},"end":{"line":9,"column":34}},"2":{"start":{"line":11,"column":26},"end":{"line":61,"column":5}},"3":{"start":{"line":12,"column":8},"end":{"line":12,"column":26}},"4":{"start":{"line":14,"column":28},"end":{"line":14,"column":66}},"5":{"start":{"line":15,"column":30},"end":{"line":15,"column":72}},"6":{"start":{"line":16,"column":28},"end":{"line":16,"column":66}},"7":{"start":{"line":17,"column":30},"end":{"line":17,"column":71}},"8":{"start":{"line":18,"column":31},"end":{"line":18,"column":70}},"9":{"start":{"line":22,"column":8},"end":{"line":22,"column":20}},"10":{"start":{"line":25,"column":8},"end":{"line":25,"column":53}},"11":{"start":{"line":26,"column":8},"end":{"line":29,"column":9}},"12":{"start":{"line":27,"column":12},"end":{"line":27,"column":35}},"13":{"start":{"line":28,"column":12},"end":{"line":28,"column":18}},"14":{"start":{"line":32,"column":8},"end":{"line":32,"column":58}},"15":{"start":{"line":33,"column":8},"end":{"line":36,"column":9}},"16":{"start":{"line":34,"column":12},"end":{"line":34,"column":38}},"17":{"start":{"line":35,"column":12},"end":{"line":35,"column":18}},"18":{"start":{"line":39,"column":8},"end":{"line":39,"column":59}},"19":{"start":{"line":40,"column":8},"end":{"line":43,"column":9}},"20":{"start":{"line":41,"column":12},"end":{"line":41,"column":44}},"21":{"start":{"line":42,"column":12},"end":{"line":42,"column":18}},"22":{"start":{"line":46,"column":8},"end":{"line":49,"column":9}},"23":{"start":{"line":47,"column":12},"end":{"line":47,"column":71}},"24":{"start":{"line":48,"column":12},"end":{"line":48,"column":18}},"25":{"start":{"line":52,"column":19},"end":{"line":57,"column":9}},"26":{"start":{"line":59,"column":8},"end":{"line":59,"column":25}},"27":{"start":{"line":60,"column":8},"end":{"line":60,"column":26}},"28":{"start":{"line":64,"column":26},"end":{"line":104,"column":5}},"29":{"start":{"line":65,"column":8},"end":{"line":65,"column":28}},"30":{"start":{"line":67,"column":8},"end":{"line":100,"column":9}},"31":{"start":{"line":69,"column":20},"end":{"line":71,"column":21}},"32":{"start":{"line":70,"column":24},"end":{"line":70,"column":57}},"33":{"start":{"line":73,"column":20},"end":{"line":75,"column":20}},"34":{"start":{"line":74,"column":24},"end":{"line":74,"column":73}},"35":{"start":{"line":76,"column":16},"end":{"line":76,"column":22}},"36":{"start":{"line":78,"column":20},"end":{"line":80,"column":21}},"37":{"start":{"line":79,"column":22},"end":{"line":79,"column":55}},"38":{"start":{"line":82,"column":20},"end":{"line":84,"column":21}},"39":{"start":{"line":83,"column":25},"end":{"line":83,"column":81}},"40":{"start":{"line":86,"column":20},"end":{"line":88,"column":21}},"41":{"start":{"line":87,"column":24},"end":{"line":87,"column":84}},"42":{"start":{"line":90,"column":20},"end":{"line":92,"column":21}},"43":{"start":{"line":91,"column":24},"end":{"line":91,"column":84}},"44":{"start":{"line":94,"column":20},"end":{"line":96,"column":21}},"45":{"start":{"line":95,"column":24},"end":{"line":95,"column":74}},"46":{"start":{"line":97,"column":20},"end":{"line":97,"column":26}},"47":{"start":{"line":99,"column":16},"end":{"line":99,"column":46}},"48":{"start":{"line":103,"column":8},"end":{"line":103,"column":18}},"49":{"start":{"line":108,"column":8},"end":{"line":108,"column":27}},"50":{"start":{"line":109,"column":22},"end":{"line":109,"column":53}},"51":{"start":{"line":110,"column":8},"end":{"line":110,"column":42}},"52":{"start":{"line":111,"column":8},"end":{"line":111,"column":81}},"53":{"start":{"line":114,"column":4},"end":{"line":114,"column":49}},"54":{"start":{"line":114,"column":13},"end":{"line":114,"column":49}},"55":{"start":{"line":116,"column":4},"end":{"line":161,"column":5}}},"fnMap":{"0":{"name":"Register","decl":{"start":{"line":7,"column":9},"end":{"line":7,"column":17}},"loc":{"start":{"line":7,"column":38},"end":{"line":162,"column":3}},"line":7},"1":{"name":"(anonymous_1)","decl":{"start":{"line":11,"column":26},"end":{"line":11,"column":27}},"loc":{"start":{"line":11,"column":31},"end":{"line":61,"column":5}},"line":11},"2":{"name":"(anonymous_2)","decl":{"start":{"line":64,"column":26},"end":{"line":64,"column":27}},"loc":{"start":{"line":64,"column":40},"end":{"line":104,"column":5}},"line":64},"3":{"name":"show","decl":{"start":{"line":107,"column":13},"end":{"line":107,"column":17}},"loc":{"start":{"line":107,"column":21},"end":{"line":112,"column":5}},"line":107}},"branchMap":{"0":{"loc":{"start":{"line":26,"column":8},"end":{"line":29,"column":9}},"type":"if","locations":[{"start":{"line":26,"column":8},"end":{"line":29,"column":9}},{"start":{},"end":{}}],"line":26},"1":{"loc":{"start":{"line":33,"column":8},"end":{"line":36,"column":9}},"type":"if","locations":[{"start":{"line":33,"column":8},"end":{"line":36,"column":9}},{"start":{},"end":{}}],"line":33},"2":{"loc":{"start":{"line":40,"column":8},"end":{"line":43,"column":9}},"type":"if","locations":[{"start":{"line":40,"column":8},"end":{"line":43,"column":9}},{"start":{},"end":{}}],"line":40},"3":{"loc":{"start":{"line":46,"column":8},"end":{"line":49,"column":9}},"type":"if","locations":[{"start":{"line":46,"column":8},"end":{"line":49,"column":9}},{"start":{},"end":{}}],"line":46},"4":{"loc":{"start":{"line":67,"column":8},"end":{"line":100,"column":9}},"type":"switch","locations":[{"start":{"line":68,"column":12},"end":{"line":76,"column":22}},{"start":{"line":77,"column":12},"end":{"line":97,"column":26}},{"start":{"line":98,"column":12},"end":{"line":99,"column":46}}],"line":67},"5":{"loc":{"start":{"line":69,"column":20},"end":{"line":71,"column":21}},"type":"if","locations":[{"start":{"line":69,"column":20},"end":{"line":71,"column":21}},{"start":{},"end":{}}],"line":69},"6":{"loc":{"start":{"line":73,"column":20},"end":{"line":75,"column":20}},"type":"if","locations":[{"start":{"line":73,"column":20},"end":{"line":75,"column":20}},{"start":{},"end":{}}],"line":73},"7":{"loc":{"start":{"line":78,"column":20},"end":{"line":80,"column":21}},"type":"if","locations":[{"start":{"line":78,"column":20},"end":{"line":80,"column":21}},{"start":{},"end":{}}],"line":78},"8":{"loc":{"start":{"line":82,"column":20},"end":{"line":84,"column":21}},"type":"if","locations":[{"start":{"line":82,"column":20},"end":{"line":84,"column":21}},{"start":{},"end":{}}],"line":82},"9":{"loc":{"start":{"line":86,"column":20},"end":{"line":88,"column":21}},"type":"if","locations":[{"start":{"line":86,"column":20},"end":{"line":88,"column":21}},{"start":{},"end":{}}],"line":86},"10":{"loc":{"start":{"line":90,"column":20},"end":{"line":92,"column":21}},"type":"if","locations":[{"start":{"line":90,"column":20},"end":{"line":92,"column":21}},{"start":{},"end":{}}],"line":90},"11":{"loc":{"start":{"line":94,"column":20},"end":{"line":96,"column":21}},"type":"if","locations":[{"start":{"line":94,"column":20},"end":{"line":96,"column":21}},{"start":{},"end":{}}],"line":94},"12":{"loc":{"start":{"line":111,"column":8},"end":{"line":111,"column":80}},"type":"cond-expr","locations":[{"start":{"line":111,"column":35},"end":{"line":111,"column":54}},{"start":{"line":111,"column":57},"end":{"line":111,"column":80}}],"line":111},"13":{"loc":{"start":{"line":114,"column":4},"end":{"line":114,"column":49}},"type":"if","locations":[{"start":{"line":114,"column":4},"end":{"line":114,"column":49}},{"start":{},"end":{}}],"line":114},"14":{"loc":{"start":{"line":130,"column":112},"end":{"line":130,"column":139}},"type":"cond-expr","locations":[{"start":{"line":130,"column":127},"end":{"line":130,"column":134}},{"start":{"line":130,"column":137},"end":{"line":130,"column":139}}],"line":130},"15":{"loc":{"start":{"line":132,"column":21},"end":{"line":134,"column":60}},"type":"cond-expr","locations":[{"start":{"line":133,"column":20},"end":{"line":133,"column":94}},{"start":{"line":134,"column":20},"end":{"line":134,"column":60}}],"line":132},"16":{"loc":{"start":{"line":139,"column":121},"end":{"line":139,"column":151}},"type":"cond-expr","locations":[{"start":{"line":139,"column":139},"end":{"line":139,"column":146}},{"start":{"line":139,"column":149},"end":{"line":139,"column":151}}],"line":139},"17":{"loc":{"start":{"line":142,"column":21},"end":{"line":144,"column":60}},"type":"cond-expr","locations":[{"start":{"line":143,"column":20},"end":{"line":143,"column":100}},{"start":{"line":144,"column":20},"end":{"line":144,"column":60}}],"line":142},"18":{"loc":{"start":{"line":149,"column":108},"end":{"line":149,"column":144}},"type":"cond-expr","locations":[{"start":{"line":149,"column":132},"end":{"line":149,"column":139}},{"start":{"line":149,"column":142},"end":{"line":149,"column":144}}],"line":149},"19":{"loc":{"start":{"line":152,"column":21},"end":{"line":154,"column":60}},"type":"cond-expr","locations":[{"start":{"line":153,"column":20},"end":{"line":153,"column":106}},{"start":{"line":154,"column":20},"end":{"line":154,"column":60}}],"line":152}},"s":{"0":1,"1":1,"2":1,"3":0,"4":0,"5":0,"6":0,"7":0,"8":0,"9":0,"10":0,"11":0,"12":0,"13":0,"14":0,"15":0,"16":0,"17":0,"18":0,"19":0,"20":0,"21":0,"22":0,"23":0,"24":0,"25":0,"26":0,"27":0,"28":1,"29":0,"30":0,"31":0,"32":0,"33":0,"34":0,"35":0,"36":0,"37":0,"38":0,"39":0,"40":0,"41":0,"42":0,"43":0,"44":0,"45":0,"46":0,"47":0,"48":0,"49":0,"50":0,"51":0,"52":0,"53":1,"54":0,"55":1},"f":{"0":1,"1":0,"2":0,"3":0},"b":{"0":[0,0],"1":[0,0],"2":[0,0],"3":[0,0],"4":[0,0,0],"5":[0,0],"6":[0,0],"7":[0,0],"8":[0,0],"9":[0,0],"10":[0,0],"11":[0,0],"12":[0,0],"13":[0,1],"14":[0,1],"15":[0,1],"16":[0,1],"17":[0,1],"18":[0,1],"19":[0,1]},"_coverageSchema":"1a1c01bbd47fc00a2c39e90264f33305004495a9","hash":"d39fb0b07747d33e3514fbf46dbd7eadb647daeb"}
,"/Users/sofiavallo/Documents/ProyectoIntegrador/grupo-01/frontend/src/components/products/Calendar.js": {"path":"/Users/sofiavallo/Documents/ProyectoIntegrador/grupo-01/frontend/src/components/products/Calendar.js","statementMap":{"0":{"start":{"line":9,"column":38},"end":{"line":9,"column":58}},"1":{"start":{"line":10,"column":34},"end":{"line":10,"column":48}},"2":{"start":{"line":11,"column":21},"end":{"line":15,"column":5}},"3":{"start":{"line":12,"column":29},"end":{"line":12,"column":34}},"4":{"start":{"line":13,"column":8},"end":{"line":13,"column":28}},"5":{"start":{"line":14,"column":8},"end":{"line":14,"column":24}},"6":{"start":{"line":16,"column":19},"end":{"line":16,"column":65}},"7":{"start":{"line":18,"column":4},"end":{"line":31,"column":6}}},"fnMap":{"0":{"name":"Calendar","decl":{"start":{"line":8,"column":9},"end":{"line":8,"column":17}},"loc":{"start":{"line":8,"column":20},"end":{"line":32,"column":1}},"line":8},"1":{"name":"(anonymous_1)","decl":{"start":{"line":11,"column":21},"end":{"line":11,"column":22}},"loc":{"start":{"line":11,"column":32},"end":{"line":15,"column":5}},"line":11}},"branchMap":{"0":{"loc":{"start":{"line":28,"column":26},"end":{"line":28,"column":40}},"type":"cond-expr","locations":[{"start":{"line":28,"column":35},"end":{"line":28,"column":36}},{"start":{"line":28,"column":39},"end":{"line":28,"column":40}}],"line":28}},"s":{"0":0,"1":0,"2":0,"3":0,"4":0,"5":0,"6":0,"7":0},"f":{"0":0,"1":0},"b":{"0":[0,0]}}
,"/Users/sofiavallo/Documents/ProyectoIntegrador/grupo-01/frontend/src/components/products/DescriptionHotel.js": {"path":"/Users/sofiavallo/Documents/ProyectoIntegrador/grupo-01/frontend/src/components/products/DescriptionHotel.js","statementMap":{"0":{"start":{"line":2,"column":4},"end":{"line":7,"column":5}}},"fnMap":{"0":{"name":"DescriptionHotel","decl":{"start":{"line":1,"column":9},"end":{"line":1,"column":25}},"loc":{"start":{"line":1,"column":41},"end":{"line":8,"column":1}},"line":1}},"branchMap":{},"s":{"0":0},"f":{"0":0},"b":{}}
,"/Users/sofiavallo/Documents/ProyectoIntegrador/grupo-01/frontend/src/components/products/GalleryDesktop.js": {"path":"/Users/sofiavallo/Documents/ProyectoIntegrador/grupo-01/frontend/src/components/products/GalleryDesktop.js","statementMap":{"0":{"start":{"line":7,"column":19},"end":{"line":7,"column":343}},"1":{"start":{"line":8,"column":32},"end":{"line":8,"column":47}},"2":{"start":{"line":10,"column":4},"end":{"line":28,"column":5}},"3":{"start":{"line":20,"column":71},"end":{"line":20,"column":86}},"4":{"start":{"line":24,"column":27},"end":{"line":24,"column":43}}},"fnMap":{"0":{"name":"GalleryDesktop","decl":{"start":{"line":6,"column":9},"end":{"line":6,"column":23}},"loc":{"start":{"line":6,"column":26},"end":{"line":29,"column":1}},"line":6},"1":{"name":"(anonymous_1)","decl":{"start":{"line":20,"column":65},"end":{"line":20,"column":66}},"loc":{"start":{"line":20,"column":71},"end":{"line":20,"column":86}},"line":20},"2":{"name":"(anonymous_2)","decl":{"start":{"line":24,"column":21},"end":{"line":24,"column":22}},"loc":{"start":{"line":24,"column":27},"end":{"line":24,"column":43}},"line":24}},"branchMap":{},"s":{"0":0,"1":0,"2":0,"3":0,"4":0},"f":{"0":0,"1":0,"2":0},"b":{}}
,"/Users/sofiavallo/Documents/ProyectoIntegrador/grupo-01/frontend/src/components/products/GalleryMobile.js": {"path":"/Users/sofiavallo/Documents/ProyectoIntegrador/grupo-01/frontend/src/components/products/GalleryMobile.js","statementMap":{"0":{"start":{"line":8,"column":4},"end":{"line":28,"column":5}}},"fnMap":{"0":{"name":"GalleryMobile","decl":{"start":{"line":7,"column":9},"end":{"line":7,"column":22}},"loc":{"start":{"line":7,"column":25},"end":{"line":29,"column":1}},"line":7}},"branchMap":{},"s":{"0":0},"f":{"0":0},"b":{}}
,"/Users/sofiavallo/Documents/ProyectoIntegrador/grupo-01/frontend/src/components/products/HeaderProduct.js": {"path":"/Users/sofiavallo/Documents/ProyectoIntegrador/grupo-01/frontend/src/components/products/HeaderProduct.js","statementMap":{"0":{"start":{"line":4,"column":4},"end":{"line":14,"column":5}}},"fnMap":{"0":{"name":"HeaderProduct","decl":{"start":{"line":3,"column":9},"end":{"line":3,"column":22}},"loc":{"start":{"line":3,"column":41},"end":{"line":15,"column":1}},"line":3}},"branchMap":{},"s":{"0":0},"f":{"0":0},"b":{}}
,"/Users/sofiavallo/Documents/ProyectoIntegrador/grupo-01/frontend/src/components/products/HotelDate.js": {"path":"/Users/sofiavallo/Documents/ProyectoIntegrador/grupo-01/frontend/src/components/products/HotelDate.js","statementMap":{"0":{"start":{"line":5,"column":4},"end":{"line":16,"column":5}}},"fnMap":{"0":{"name":"HotelDate","decl":{"start":{"line":4,"column":9},"end":{"line":4,"column":18}},"loc":{"start":{"line":4,"column":21},"end":{"line":17,"column":1}},"line":4}},"branchMap":{},"s":{"0":0},"f":{"0":0},"b":{}}
,"/Users/sofiavallo/Documents/ProyectoIntegrador/grupo-01/frontend/src/components/products/InfoProduct.js": {"path":"/Users/sofiavallo/Documents/ProyectoIntegrador/grupo-01/frontend/src/components/products/InfoProduct.js","statementMap":{"0":{"start":{"line":7,"column":4},"end":{"line":26,"column":5}}},"fnMap":{"0":{"name":"InfoProduct","decl":{"start":{"line":6,"column":9},"end":{"line":6,"column":20}},"loc":{"start":{"line":6,"column":66},"end":{"line":27,"column":1}},"line":6}},"branchMap":{},"s":{"0":0},"f":{"0":0},"b":{}}
,"/Users/sofiavallo/Documents/ProyectoIntegrador/grupo-01/frontend/src/components/products/LocationServices.js": {"path":"/Users/sofiavallo/Documents/ProyectoIntegrador/grupo-01/frontend/src/components/products/LocationServices.js","statementMap":{"0":{"start":{"line":4,"column":4},"end":{"line":18,"column":5}}},"fnMap":{"0":{"name":"LocationServices","decl":{"start":{"line":3,"column":9},"end":{"line":3,"column":25}},"loc":{"start":{"line":3,"column":28},"end":{"line":19,"column":1}},"line":3}},"branchMap":{},"s":{"0":0},"f":{"0":0},"b":{}}
,"/Users/sofiavallo/Documents/ProyectoIntegrador/grupo-01/frontend/src/components/products/MapLocation.js": {"path":"/Users/sofiavallo/Documents/ProyectoIntegrador/grupo-01/frontend/src/components/products/MapLocation.js","statementMap":{"0":{"start":{"line":2,"column":4},"end":{"line":8,"column":5}}},"fnMap":{"0":{"name":"MapLocation","decl":{"start":{"line":1,"column":9},"end":{"line":1,"column":20}},"loc":{"start":{"line":1,"column":29},"end":{"line":9,"column":1}},"line":1}},"branchMap":{},"s":{"0":0},"f":{"0":0},"b":{}}
,"/Users/sofiavallo/Documents/ProyectoIntegrador/grupo-01/frontend/src/components/products/Politics.js": {"path":"/Users/sofiavallo/Documents/ProyectoIntegrador/grupo-01/frontend/src/components/products/Politics.js","statementMap":{"0":{"start":{"line":2,"column":4},"end":{"line":28,"column":5}}},"fnMap":{"0":{"name":"Politis","decl":{"start":{"line":1,"column":9},"end":{"line":1,"column":16}},"loc":{"start":{"line":1,"column":19},"end":{"line":29,"column":1}},"line":1}},"branchMap":{},"s":{"0":0},"f":{"0":0},"b":{}}
,"/Users/sofiavallo/Documents/ProyectoIntegrador/grupo-01/frontend/src/components/products/Product.js": {"path":"/Users/sofiavallo/Documents/ProyectoIntegrador/grupo-01/frontend/src/components/products/Product.js","statementMap":{"0":{"start":{"line":16,"column":25},"end":{"line":16,"column":72}},"1":{"start":{"line":17,"column":20},"end":{"line":17,"column":67}},"2":{"start":{"line":18,"column":33},"end":{"line":18,"column":47}},"3":{"start":{"line":19,"column":17},"end":{"line":19,"column":28}},"4":{"start":{"line":21,"column":4},"end":{"line":39,"column":9}},"5":{"start":{"line":23,"column":27},"end":{"line":36,"column":9}},"6":{"start":{"line":24,"column":12},"end":{"line":35,"column":18}},"7":{"start":{"line":31,"column":16},"end":{"line":31,"column":40}},"8":{"start":{"line":34,"column":16},"end":{"line":34,"column":36}},"9":{"start":{"line":37,"column":8},"end":{"line":37,"column":21}},"10":{"start":{"line":41,"column":4},"end":{"line":58,"column":14}}},"fnMap":{"0":{"name":"Product","decl":{"start":{"line":15,"column":9},"end":{"line":15,"column":16}},"loc":{"start":{"line":15,"column":29},"end":{"line":59,"column":1}},"line":15},"1":{"name":"(anonymous_1)","decl":{"start":{"line":21,"column":14},"end":{"line":21,"column":15}},"loc":{"start":{"line":21,"column":18},"end":{"line":39,"column":5}},"line":21},"2":{"name":"(anonymous_2)","decl":{"start":{"line":23,"column":27},"end":{"line":23,"column":28}},"loc":{"start":{"line":23,"column":36},"end":{"line":36,"column":9}},"line":23},"3":{"name":"(anonymous_3)","decl":{"start":{"line":30,"column":18},"end":{"line":30,"column":19}},"loc":{"start":{"line":30,"column":37},"end":{"line":32,"column":17}},"line":30},"4":{"name":"(anonymous_4)","decl":{"start":{"line":33,"column":18},"end":{"line":33,"column":19}},"loc":{"start":{"line":33,"column":37},"end":{"line":35,"column":17}},"line":33}},"branchMap":{"0":{"loc":{"start":{"line":50,"column":13},"end":{"line":50,"column":46}},"type":"binary-expr","locations":[{"start":{"line":50,"column":13},"end":{"line":50,"column":25}},{"start":{"line":50,"column":29},"end":{"line":50,"column":46}}],"line":50},"1":{"loc":{"start":{"line":51,"column":13},"end":{"line":51,"column":42}},"type":"binary-expr","locations":[{"start":{"line":51,"column":13},"end":{"line":51,"column":20}},{"start":{"line":51,"column":24},"end":{"line":51,"column":42}}],"line":51}},"s":{"0":0,"1":0,"2":0,"3":0,"4":0,"5":0,"6":0,"7":0,"8":0,"9":0,"10":0},"f":{"0":0,"1":0,"2":0,"3":0,"4":0},"b":{"0":[0,0],"1":[0,0]}}
}
